<?xml version="1.0" encoding="UTF-8"?>
<testsuites name="jest tests" tests="39" failures="5" errors="0" time="49.585">
  <testsuite name="userRoute test" errors="0" failures="5" skipped="0" timestamp="2023-11-24T12:57:51" time="26.684" tests="14">
    <testcase classname="userRoute test getUsers" name="userRoute test getUsers" time="0.987">
      <failure>Error: listen EADDRINUSE: address already in use :::443
    at Server.setupListenHandle [as _listen2] (node:net:1330:16)
    at listenInCluster (node:net:1378:12)
    at Server.listen (node:net:1465:7)
    at listen (C:\Users\naceu\OneDrive\Desktop\Studium\5 Semester\Projekt\connectandexplore\Backend\server.ts:49:12)
    at processTicksAndRejections (node:internal/process/task_queues:96:5)</failure>
    </testcase>
    <testcase classname="userRoute test getUsers fails on request by non-admin" name="userRoute test getUsers fails on request by non-admin" time="0.703">
    </testcase>
    <testcase classname="userRoute test get User request responses with 404 on invalid userID" name="userRoute test get User request responses with 404 on invalid userID" time="0.635">
    </testcase>
    <testcase classname="userRoute test get User request responses with 400 on undefined userID" name="userRoute test get User request responses with 400 on undefined userID" time="0.607">
    </testcase>
    <testcase classname="userRoute test get User returns any user when performed by an admin and returns user when performed by non-admin" name="userRoute test get User returns any user when performed by an admin and returns user when performed by non-admin" time="0.679">
    </testcase>
    <testcase classname="userRoute test put user successfully updates user in db and returns updated user information" name="userRoute test put user successfully updates user in db and returns updated user information" time="0.644">
      <failure>Error: expect(received).toBe(expected) // Object.is equality

Expected: &quot;newName&quot;
Received: &quot;Doe&quot;
    at Object.&lt;anonymous&gt; (C:\Users\naceu\OneDrive\Desktop\Studium\5 Semester\Projekt\connectandexplore\Backend\tests\routes\UserRoute.test.ts:154:32)
    at processTicksAndRejections (node:internal/process/task_queues:96:5)</failure>
    </testcase>
    <testcase classname="userRoute test should return error on updating email to duplicate email" name="userRoute test should return error on updating email to duplicate email" time="0.707">
    </testcase>
    <testcase classname="userRoute test should return error on trying to update other users as non-admin" name="userRoute test should return error on trying to update other users as non-admin" time="0.666">
    </testcase>
    <testcase classname="userRoute test testing for validation errors on put user route" name="userRoute test testing for validation errors on put user route" time="0.633">
      <failure>Error: expect(received).toBe(expected) // Object.is equality

Expected: 400
Received: 200
    at Object.&lt;anonymous&gt; (C:\Users\naceu\OneDrive\Desktop\Studium\5 Semester\Projekt\connectandexplore\Backend\tests\routes\UserRoute.test.ts:207:28)
    at processTicksAndRejections (node:internal/process/task_queues:96:5)</failure>
    </testcase>
    <testcase classname="userRoute test put user with invalid old password returns error" name="userRoute test put user with invalid old password returns error" time="0.916">
    </testcase>
    <testcase classname="userRoute test should allow an admin to delete any user" name="userRoute test should allow an admin to delete any user" time="0.661">
      <failure>Error: Cannot set headers after they are sent to the client
    at new NodeError (node:internal/errors:371:5)
    at ServerResponse.setHeader (node:_http_outgoing:576:11)
    at ServerResponse.header (C:\Users\naceu\OneDrive\Desktop\Studium\5 Semester\Projekt\connectandexplore\Backend\node_modules\express\lib\response.js:794:10)
    at ServerResponse.send (C:\Users\naceu\OneDrive\Desktop\Studium\5 Semester\Projekt\connectandexplore\Backend\node_modules\express\lib\response.js:174:12)
    at send (C:\Users\naceu\OneDrive\Desktop\Studium\5 Semester\Projekt\connectandexplore\Backend\src\routes\UserRoute.ts:483:11)
    at runMicrotasks (&lt;anonymous&gt;)
    at processTicksAndRejections (node:internal/process/task_queues:96:5)</failure>
      <failure>Error: expect(received).toBe(expected) // Object.is equality

Expected: 204
Received: 404
    at Object.&lt;anonymous&gt; (C:\Users\naceu\OneDrive\Desktop\Studium\5 Semester\Projekt\connectandexplore\Backend\tests\routes\UserRoute.test.ts:230:33)
    at runMicrotasks (&lt;anonymous&gt;)
    at processTicksAndRejections (node:internal/process/task_queues:96:5)</failure>
    </testcase>
    <testcase classname="userRoute test should allow a user to inactivate their own account" name="userRoute test should allow a user to inactivate their own account" time="0.706">
      <failure>Error: Cannot set headers after they are sent to the client
    at new NodeError (node:internal/errors:371:5)
    at ServerResponse.setHeader (node:_http_outgoing:576:11)
    at ServerResponse.header (C:\Users\naceu\OneDrive\Desktop\Studium\5 Semester\Projekt\connectandexplore\Backend\node_modules\express\lib\response.js:794:10)
    at ServerResponse.send (C:\Users\naceu\OneDrive\Desktop\Studium\5 Semester\Projekt\connectandexplore\Backend\node_modules\express\lib\response.js:174:12)
    at send (C:\Users\naceu\OneDrive\Desktop\Studium\5 Semester\Projekt\connectandexplore\Backend\src\routes\UserRoute.ts:483:11)
    at runMicrotasks (&lt;anonymous&gt;)
    at processTicksAndRejections (node:internal/process/task_queues:96:5)</failure>
      <failure>Error: expect(received).toBe(expected) // Object.is equality

Expected: 204
Received: 404
    at Object.&lt;anonymous&gt; (C:\Users\naceu\OneDrive\Desktop\Studium\5 Semester\Projekt\connectandexplore\Backend\tests\routes\UserRoute.test.ts:237:33)
    at runMicrotasks (&lt;anonymous&gt;)
    at processTicksAndRejections (node:internal/process/task_queues:96:5)</failure>
    </testcase>
    <testcase classname="userRoute test should prevent a non-admin user from deleting another user" name="userRoute test should prevent a non-admin user from deleting another user" time="0.614">
    </testcase>
    <testcase classname="userRoute test should return an error for an invalid user ID" name="userRoute test should return an error for an invalid user ID" time="0.653">
    </testcase>
  </testsuite>
  <testsuite name="EventService Tests" errors="0" failures="0" skipped="0" timestamp="2023-11-24T12:58:18" time="7.248" tests="8">
    <testcase classname="EventService Tests create event" name="EventService Tests create event" time="0.406">
    </testcase>
    <testcase classname="EventService Tests get event" name="EventService Tests get event" time="0.34">
    </testcase>
    <testcase classname="EventService Tests get created events" name="EventService Tests get created events" time="0.379">
    </testcase>
    <testcase classname="EventService Tests get all events" name="EventService Tests get all events" time="0.484">
    </testcase>
    <testcase classname="EventService Tests search events by name" name="EventService Tests search events by name" time="0.437">
    </testcase>
    <testcase classname="EventService Tests search events by description" name="EventService Tests search events by description" time="0.496">
    </testcase>
    <testcase classname="EventService Tests search events by hashtags" name="EventService Tests search events by hashtags" time="0.409">
    </testcase>
    <testcase classname="EventService Tests join event" name="EventService Tests join event" time="0.477">
    </testcase>
  </testsuite>
  <testsuite name="Event Model Tests" errors="0" failures="0" skipped="0" timestamp="2023-11-24T12:58:25" time="2.957" tests="3">
    <testcase classname="Event Model Tests create event" name="Event Model Tests create event" time="0.141">
    </testcase>
    <testcase classname="Event Model Tests empty eventdata" name="Event Model Tests empty eventdata" time="0.037">
    </testcase>
    <testcase classname="Event Model Tests negative price" name="Event Model Tests negative price" time="0.043">
    </testcase>
  </testsuite>
  <testsuite name="userModel test" errors="0" failures="0" skipped="0" timestamp="2023-11-24T12:58:28" time="7.037" tests="11">
    <testcase classname="userModel test createUser function" name="userModel test createUser function" time="0.484">
    </testcase>
    <testcase classname="userModel test getUser works and returns user without password" name="userModel test getUser works and returns user without password" time="0.419">
    </testcase>
    <testcase classname="userModel test get all users also returns inactive users, getUser(userID) throws error at inactive user." name="userModel test get all users also returns inactive users, getUser(userID) throws error at inactive user." time="0.351">
    </testcase>
    <testcase classname="userModel test updateUserWithAdmin user update validations" name="userModel test updateUserWithAdmin user update validations" time="0.409">
    </testcase>
    <testcase classname="userModel test updateUserWithAdmin duplicate email check" name="userModel test updateUserWithAdmin duplicate email check" time="0.369">
    </testcase>
    <testcase classname="userModel test updateUserWithPw update with old password to update password" name="userModel test updateUserWithPw update with old password to update password" time="0.85">
    </testcase>
    <testcase classname="userModel test updateUserWithPw throws errors on invalid userdata" name="userModel test updateUserWithPw throws errors on invalid userdata" time="0.175">
    </testcase>
    <testcase classname="userModel test updateUserWithPw duplicate email check" name="userModel test updateUserWithPw duplicate email check" time="0.388">
    </testcase>
    <testcase classname="userModel test updateUserWithPw can not change isActive status of user" name="userModel test updateUserWithPw can not change isActive status of user" time="0.233">
    </testcase>
    <testcase classname="userModel test deleteUser deletes user from database (when performed by an admin)" name="userModel test deleteUser deletes user from database (when performed by an admin)" time="0.22">
    </testcase>
    <testcase classname="userModel test deleteUser inactivates acc when inactivateAccount = true" name="userModel test deleteUser inactivates acc when inactivateAccount = true" time="0.191">
    </testcase>
  </testsuite>
  <testsuite name="userModel test" errors="0" failures="0" skipped="0" timestamp="2023-11-24T12:58:35" time="4.519" tests="3">
    <testcase classname="userModel test create User" name="userModel test create User" time="0.519">
    </testcase>
    <testcase classname="userModel test updated user password middleware" name="userModel test updated user password middleware" time="0.485">
    </testcase>
    <testcase classname="userModel test rejects on duplicate email" name="userModel test rejects on duplicate email" time="0.403">
    </testcase>
  </testsuite>
</testsuites>