<?xml version="1.0" encoding="UTF-8"?>
<<<<<<< HEAD
<testsuites name="jest tests" tests="42" failures="0" errors="0" time="40.511">
  <testsuite name="userRoute test" errors="0" failures="0" skipped="0" timestamp="2023-11-26T22:29:02" time="22.662" tests="14">
    <testcase classname="userRoute test getUsers" name="userRoute test getUsers" time="1.13">
    </testcase>
    <testcase classname="userRoute test getUsers fails on request by non-admin" name="userRoute test getUsers fails on request by non-admin" time="0.628">
    </testcase>
    <testcase classname="userRoute test get User request responses with 404 on invalid userID" name="userRoute test get User request responses with 404 on invalid userID" time="0.599">
    </testcase>
    <testcase classname="userRoute test get User request responses with 400 on undefined userID" name="userRoute test get User request responses with 400 on undefined userID" time="0.576">
    </testcase>
    <testcase classname="userRoute test get User returns any user when performed by an admin and returns user when performed by non-admin" name="userRoute test get User returns any user when performed by an admin and returns user when performed by non-admin" time="0.605">
    </testcase>
    <testcase classname="userRoute test put user successfully updates user in db and returns updated user information" name="userRoute test put user successfully updates user in db and returns updated user information" time="0.702">
    </testcase>
    <testcase classname="userRoute test should return error on updating email to duplicate email" name="userRoute test should return error on updating email to duplicate email" time="0.623">
    </testcase>
    <testcase classname="userRoute test should return error on trying to update other users as non-admin" name="userRoute test should return error on trying to update other users as non-admin" time="0.57">
=======
<testsuites name="jest tests" tests="53" failures="1" errors="0" time="24.518">
  <testsuite name="EventRoute Tests" errors="0" failures="0" skipped="0" timestamp="2023-11-27T09:35:56" time="10.426" tests="11">
    <testcase classname="EventRoute Tests create event route" name="EventRoute Tests create event route" time="0.742">
    </testcase>
    <testcase classname="EventRoute Tests get event route" name="EventRoute Tests get event route" time="0.478">
    </testcase>
    <testcase classname="EventRoute Tests join event route" name="EventRoute Tests join event route" time="0.514">
    </testcase>
    <testcase classname="EventRoute Tests cancel event participation route" name="EventRoute Tests cancel event participation route" time="0.497">
    </testcase>
    <testcase classname="EventRoute Tests get participants of event route" name="EventRoute Tests get participants of event route" time="0.521">
    </testcase>
    <testcase classname="EventRoute Tests get created events route" name="EventRoute Tests get created events route" time="0.508">
    </testcase>
    <testcase classname="EventRoute Tests get joined events route" name="EventRoute Tests get joined events route" time="0.538">
    </testcase>
    <testcase classname="EventRoute Tests get all events route" name="EventRoute Tests get all events route" time="0.472">
>>>>>>> b7b81929a9036f82d7406ebac9f692d4c1234f28
    </testcase>
    <testcase classname="EventRoute Tests search events route" name="EventRoute Tests search events route" time="0.533">
    </testcase>
<<<<<<< HEAD
    <testcase classname="userRoute test put user with invalid old password returns error" name="userRoute test put user with invalid old password returns error" time="0.962">
    </testcase>
    <testcase classname="userRoute test should allow an admin to delete any user" name="userRoute test should allow an admin to delete any user" time="0.661">
    </testcase>
    <testcase classname="userRoute test should allow a user to inactivate their own account" name="userRoute test should allow a user to inactivate their own account" time="0.586">
    </testcase>
    <testcase classname="userRoute test should prevent a non-admin user from deleting another user" name="userRoute test should prevent a non-admin user from deleting another user" time="0.6">
    </testcase>
    <testcase classname="userRoute test should return an error for an invalid user ID" name="userRoute test should return an error for an invalid user ID" time="0.576">
    </testcase>
  </testsuite>
  <testsuite name="EventService Tests" errors="0" failures="0" skipped="0" timestamp="2023-11-26T22:29:24" time="7.388" tests="11">
    <testcase classname="EventService Tests create event" name="EventService Tests create event" time="0.382">
    </testcase>
    <testcase classname="EventService Tests get event" name="EventService Tests get event" time="0.306">
    </testcase>
    <testcase classname="EventService Tests get created events" name="EventService Tests get created events" time="0.382">
    </testcase>
    <testcase classname="EventService Tests get all events" name="EventService Tests get all events" time="0.39">
    </testcase>
    <testcase classname="EventService Tests search events" name="EventService Tests search events" time="0.462">
    </testcase>
    <testcase classname="EventService Tests join event" name="EventService Tests join event" time="0.574">
    </testcase>
    <testcase classname="EventService Tests get joined events" name="EventService Tests get joined events" time="0.52">
    </testcase>
    <testcase classname="EventService Tests cancel event" name="EventService Tests cancel event" time="0.605">
    </testcase>
    <testcase classname="EventService Tests get participants of event" name="EventService Tests get participants of event" time="0.7">
    </testcase>
    <testcase classname="EventService Tests delete event" name="EventService Tests delete event" time="0.595">
    </testcase>
    <testcase classname="EventService Tests update event" name="EventService Tests update event" time="0.635">
    </testcase>
  </testsuite>
  <testsuite name="userModel test" errors="0" failures="0" skipped="0" timestamp="2023-11-26T22:29:32" time="4.92" tests="11">
    <testcase classname="userModel test createUser function" name="userModel test createUser function" time="0.369">
    </testcase>
    <testcase classname="userModel test getUser works and returns user without password" name="userModel test getUser works and returns user without password" time="0.318">
    </testcase>
    <testcase classname="userModel test get all users also returns inactive users, getUser(userID) throws error at inactive user." name="userModel test get all users also returns inactive users, getUser(userID) throws error at inactive user." time="0.297">
    </testcase>
    <testcase classname="userModel test updateUserWithAdmin user update validations" name="userModel test updateUserWithAdmin user update validations" time="0.324">
    </testcase>
    <testcase classname="userModel test updateUserWithAdmin duplicate email check" name="userModel test updateUserWithAdmin duplicate email check" time="0.299">
    </testcase>
    <testcase classname="userModel test updateUserWithPw update with old password to update password" name="userModel test updateUserWithPw update with old password to update password" time="0.609">
    </testcase>
    <testcase classname="userModel test updateUserWithPw throws errors on invalid userdata" name="userModel test updateUserWithPw throws errors on invalid userdata" time="0.164">
    </testcase>
    <testcase classname="userModel test updateUserWithPw duplicate email check" name="userModel test updateUserWithPw duplicate email check" time="0.299">
    </testcase>
    <testcase classname="userModel test updateUserWithPw can not change isActive status of user" name="userModel test updateUserWithPw can not change isActive status of user" time="0.175">
    </testcase>
    <testcase classname="userModel test deleteUser deletes user from database (when performed by an admin)" name="userModel test deleteUser deletes user from database (when performed by an admin)" time="0.169">
    </testcase>
    <testcase classname="userModel test deleteUser inactivates acc when inactivateAccount = true" name="userModel test deleteUser inactivates acc when inactivateAccount = true" time="0.162">
    </testcase>
  </testsuite>
  <testsuite name="userModel test" errors="0" failures="0" skipped="0" timestamp="2023-11-26T22:29:37" time="2.864" tests="3">
    <testcase classname="userModel test create User" name="userModel test create User" time="0.324">
    </testcase>
    <testcase classname="userModel test updated user password middleware" name="userModel test updated user password middleware" time="0.398">
    </testcase>
    <testcase classname="userModel test rejects on duplicate email" name="userModel test rejects on duplicate email" time="0.303">
    </testcase>
  </testsuite>
  <testsuite name="Event Model Tests" errors="0" failures="0" skipped="0" timestamp="2023-11-26T22:29:40" time="1.938" tests="3">
    <testcase classname="Event Model Tests create event" name="Event Model Tests create event" time="0.126">
    </testcase>
    <testcase classname="Event Model Tests empty eventdata" name="Event Model Tests empty eventdata" time="0.035">
=======
    <testcase classname="EventRoute Tests delete event route" name="EventRoute Tests delete event route" time="0.538">
    </testcase>
    <testcase classname="EventRoute Tests update event route" name="EventRoute Tests update event route" time="0.559">
    </testcase>
  </testsuite>
  <testsuite name="userRoute test" errors="0" failures="1" skipped="0" timestamp="2023-11-27T09:36:06" time="5.952" tests="14">
    <testcase classname="userRoute test getUsers" name="userRoute test getUsers" time="0.441">
      <failure>Error: listen EADDRINUSE: address already in use :::443
    at Server.setupListenHandle [as _listen2] (node:net:1740:16)
    at listenInCluster (node:net:1788:12)
    at Server.listen (node:net:1876:7)
    at listen (C:\Users\420tr\Desktop\cae1\Backend\server.ts:49:12)
    at processTicksAndRejections (node:internal/process/task_queues:95:5)</failure>
    </testcase>
    <testcase classname="userRoute test getUsers fails on request by non-admin" name="userRoute test getUsers fails on request by non-admin" time="0.321">
    </testcase>
    <testcase classname="userRoute test get User request responses with 404 on invalid userID" name="userRoute test get User request responses with 404 on invalid userID" time="0.319">
    </testcase>
    <testcase classname="userRoute test get User request responses with 400 on undefined userID" name="userRoute test get User request responses with 400 on undefined userID" time="0.302">
    </testcase>
    <testcase classname="userRoute test get User returns any user when performed by an admin and returns user when performed by non-admin" name="userRoute test get User returns any user when performed by an admin and returns user when performed by non-admin" time="0.355">
    </testcase>
    <testcase classname="userRoute test put user successfully updates user in db and returns updated user information" name="userRoute test put user successfully updates user in db and returns updated user information" time="0.361">
    </testcase>
    <testcase classname="userRoute test should return error on updating email to duplicate email" name="userRoute test should return error on updating email to duplicate email" time="0.347">
    </testcase>
    <testcase classname="userRoute test should return error on trying to update other users as non-admin" name="userRoute test should return error on trying to update other users as non-admin" time="0.366">
    </testcase>
    <testcase classname="userRoute test testing for validation errors on put user route" name="userRoute test testing for validation errors on put user route" time="0.296">
    </testcase>
    <testcase classname="userRoute test put user with invalid old password returns error" name="userRoute test put user with invalid old password returns error" time="0.419">
    </testcase>
    <testcase classname="userRoute test should allow an admin to delete any user" name="userRoute test should allow an admin to delete any user" time="0.311">
    </testcase>
    <testcase classname="userRoute test should allow a user to inactivate their own account" name="userRoute test should allow a user to inactivate their own account" time="0.323">
    </testcase>
    <testcase classname="userRoute test should prevent a non-admin user from deleting another user" name="userRoute test should prevent a non-admin user from deleting another user" time="0.307">
    </testcase>
    <testcase classname="userRoute test should return an error for an invalid user ID" name="userRoute test should return an error for an invalid user ID" time="0.29">
    </testcase>
  </testsuite>
  <testsuite name="EventService Tests" errors="0" failures="0" skipped="0" timestamp="2023-11-27T09:36:12" time="3.489" tests="11">
    <testcase classname="EventService Tests create event" name="EventService Tests create event" time="0.162">
    </testcase>
    <testcase classname="EventService Tests get event" name="EventService Tests get event" time="0.134">
    </testcase>
    <testcase classname="EventService Tests get created events" name="EventService Tests get created events" time="0.188">
    </testcase>
    <testcase classname="EventService Tests get all events" name="EventService Tests get all events" time="0.183">
    </testcase>
    <testcase classname="EventService Tests search events" name="EventService Tests search events" time="0.218">
    </testcase>
    <testcase classname="EventService Tests join event" name="EventService Tests join event" time="0.252">
    </testcase>
    <testcase classname="EventService Tests get joined events" name="EventService Tests get joined events" time="0.262">
    </testcase>
    <testcase classname="EventService Tests cancel event" name="EventService Tests cancel event" time="0.278">
    </testcase>
    <testcase classname="EventService Tests get participants of event" name="EventService Tests get participants of event" time="0.337">
    </testcase>
    <testcase classname="EventService Tests delete event" name="EventService Tests delete event" time="0.294">
    </testcase>
    <testcase classname="EventService Tests update event" name="EventService Tests update event" time="0.291">
    </testcase>
  </testsuite>
  <testsuite name="userModel test" errors="0" failures="0" skipped="0" timestamp="2023-11-27T09:36:15" time="2.319" tests="11">
    <testcase classname="userModel test createUser function" name="userModel test createUser function" time="0.165">
    </testcase>
    <testcase classname="userModel test getUser works and returns user without password" name="userModel test getUser works and returns user without password" time="0.156">
    </testcase>
    <testcase classname="userModel test get all users also returns inactive users, getUser(userID) throws error at inactive user." name="userModel test get all users also returns inactive users, getUser(userID) throws error at inactive user." time="0.142">
    </testcase>
    <testcase classname="userModel test updateUserWithAdmin user update validations" name="userModel test updateUserWithAdmin user update validations" time="0.15">
    </testcase>
    <testcase classname="userModel test updateUserWithAdmin duplicate email check" name="userModel test updateUserWithAdmin duplicate email check" time="0.14">
    </testcase>
    <testcase classname="userModel test updateUserWithPw update with old password to update password" name="userModel test updateUserWithPw update with old password to update password" time="0.326">
    </testcase>
    <testcase classname="userModel test updateUserWithPw throws errors on invalid userdata" name="userModel test updateUserWithPw throws errors on invalid userdata" time="0.071">
    </testcase>
    <testcase classname="userModel test updateUserWithPw duplicate email check" name="userModel test updateUserWithPw duplicate email check" time="0.139">
    </testcase>
    <testcase classname="userModel test updateUserWithPw can not change isActive status of user" name="userModel test updateUserWithPw can not change isActive status of user" time="0.079">
    </testcase>
    <testcase classname="userModel test deleteUser deletes user from database (when performed by an admin)" name="userModel test deleteUser deletes user from database (when performed by an admin)" time="0.08">
    </testcase>
    <testcase classname="userModel test deleteUser inactivates acc when inactivateAccount = true" name="userModel test deleteUser inactivates acc when inactivateAccount = true" time="0.082">
    </testcase>
  </testsuite>
  <testsuite name="userModel test" errors="0" failures="0" skipped="0" timestamp="2023-11-27T09:36:18" time="1.262" tests="3">
    <testcase classname="userModel test create User" name="userModel test create User" time="0.163">
    </testcase>
    <testcase classname="userModel test updated user password middleware" name="userModel test updated user password middleware" time="0.202">
    </testcase>
    <testcase classname="userModel test rejects on duplicate email" name="userModel test rejects on duplicate email" time="0.144">
    </testcase>
  </testsuite>
  <testsuite name="Event Model Tests" errors="0" failures="0" skipped="0" timestamp="2023-11-27T09:36:19" time="0.835" tests="3">
    <testcase classname="Event Model Tests create event" name="Event Model Tests create event" time="0.054">
    </testcase>
    <testcase classname="Event Model Tests empty eventdata" name="Event Model Tests empty eventdata" time="0.015">
>>>>>>> b7b81929a9036f82d7406ebac9f692d4c1234f28
    </testcase>
    <testcase classname="Event Model Tests negative price" name="Event Model Tests negative price" time="0.016">
    </testcase>
  </testsuite>
</testsuites>