<?xml version="1.0" encoding="UTF-8"?>
<testsuites name="jest tests" tests="68" failures="0" errors="0" time="36.633">
  <testsuite name="userModel test" errors="0" failures="0" skipped="0" timestamp="2024-01-04T21:43:19" time="3.69" tests="3">
    <testcase classname="userModel test create User" name="userModel test create User" time="0.183">
    </testcase>
    <testcase classname="userModel test updated user password middleware" name="userModel test updated user password middleware" time="0.209">
    </testcase>
    <testcase classname="userModel test rejects on duplicate email" name="userModel test rejects on duplicate email" time="0.155">
    </testcase>
  </testsuite>
  <testsuite name="EventRoute Tests" errors="0" failures="0" skipped="0" timestamp="2024-01-04T21:43:22" time="8.952" tests="11">
    <testcase classname="EventRoute Tests create event route" name="EventRoute Tests create event route" time="0.911">
    </testcase>
    <testcase classname="EventRoute Tests get event route" name="EventRoute Tests get event route" time="0.48">
    </testcase>
    <testcase classname="EventRoute Tests join event route" name="EventRoute Tests join event route" time="0.512">
    </testcase>
    <testcase classname="EventRoute Tests cancel event participation route" name="EventRoute Tests cancel event participation route" time="0.498">
    </testcase>
    <testcase classname="EventRoute Tests get participants of event route" name="EventRoute Tests get participants of event route" time="0.52">
    </testcase>
    <testcase classname="EventRoute Tests get created events route" name="EventRoute Tests get created events route" time="0.512">
    </testcase>
    <testcase classname="EventRoute Tests get joined events route" name="EventRoute Tests get joined events route" time="0.547">
    </testcase>
    <testcase classname="EventRoute Tests get all events route" name="EventRoute Tests get all events route" time="0.474">
    </testcase>
    <testcase classname="EventRoute Tests search events route" name="EventRoute Tests search events route" time="0.546">
    </testcase>
    <testcase classname="EventRoute Tests delete event route" name="EventRoute Tests delete event route" time="0.548">
    </testcase>
    <testcase classname="EventRoute Tests update event route" name="EventRoute Tests update event route" time="0.556">
    </testcase>
  </testsuite>
  <testsuite name="CommentsRoute Tests" errors="0" failures="0" skipped="0" timestamp="2024-01-04T21:43:31" time="4.749" tests="6">
    <testcase classname="CommentsRoute Tests post comment route" name="CommentsRoute Tests post comment route" time="0.87">
    </testcase>
    <testcase classname="CommentsRoute Tests get all comments route" name="CommentsRoute Tests get all comments route" time="0.502">
    </testcase>
    <testcase classname="CommentsRoute Tests get comments of user route" name="CommentsRoute Tests get comments of user route" time="0.509">
    </testcase>
    <testcase classname="CommentsRoute Tests get comments of event route" name="CommentsRoute Tests get comments of event route" time="0.523">
    </testcase>
    <testcase classname="CommentsRoute Tests edit comment route" name="CommentsRoute Tests edit comment route" time="0.581">
    </testcase>
    <testcase classname="CommentsRoute Tests delete comment route" name="CommentsRoute Tests delete comment route" time="0.518">
    </testcase>
  </testsuite>
  <testsuite name="userRoute test" errors="0" failures="0" skipped="0" timestamp="2024-01-04T21:43:36" time="5.908" tests="13">
    <testcase classname="userRoute test getUsers fails on request by non-admin" name="userRoute test getUsers fails on request by non-admin" time="0.66">
    </testcase>
    <testcase classname="userRoute test get User request responses with 404 on invalid userID" name="userRoute test get User request responses with 404 on invalid userID" time="0.331">
    </testcase>
    <testcase classname="userRoute test get User request responses with 400 on undefined userID" name="userRoute test get User request responses with 400 on undefined userID" time="0.304">
    </testcase>
    <testcase classname="userRoute test get User returns any user when performed by an admin and returns user when performed by non-admin" name="userRoute test get User returns any user when performed by an admin and returns user when performed by non-admin" time="0.313">
    </testcase>
    <testcase classname="userRoute test put user successfully updates user in db and returns updated user information" name="userRoute test put user successfully updates user in db and returns updated user information" time="0.341">
    </testcase>
    <testcase classname="userRoute test should return error on updating email to duplicate email" name="userRoute test should return error on updating email to duplicate email" time="0.305">
    </testcase>
    <testcase classname="userRoute test should return error on trying to update other users as non-admin" name="userRoute test should return error on trying to update other users as non-admin" time="0.293">
    </testcase>
    <testcase classname="userRoute test testing for validation errors on put user route" name="userRoute test testing for validation errors on put user route" time="0.294">
    </testcase>
    <testcase classname="userRoute test put user with invalid old password returns error" name="userRoute test put user with invalid old password returns error" time="0.416">
    </testcase>
    <testcase classname="userRoute test should allow an admin to delete any user" name="userRoute test should allow an admin to delete any user" time="0.311">
    </testcase>
    <testcase classname="userRoute test should allow a user to inactivate their own account" name="userRoute test should allow a user to inactivate their own account" time="0.308">
    </testcase>
    <testcase classname="userRoute test should prevent a non-admin user from deleting another user" name="userRoute test should prevent a non-admin user from deleting another user" time="0.306">
    </testcase>
    <testcase classname="userRoute test should return an error for an invalid user ID" name="userRoute test should return an error for an invalid user ID" time="0.314">
    </testcase>
  </testsuite>
  <testsuite name="EventService Tests" errors="0" failures="0" skipped="0" timestamp="2024-01-04T21:43:42" time="4.183" tests="11">
    <testcase classname="EventService Tests create event" name="EventService Tests create event" time="0.175">
    </testcase>
    <testcase classname="EventService Tests get event" name="EventService Tests get event" time="0.144">
    </testcase>
    <testcase classname="EventService Tests get created events" name="EventService Tests get created events" time="0.214">
    </testcase>
    <testcase classname="EventService Tests get all events" name="EventService Tests get all events" time="0.227">
    </testcase>
    <testcase classname="EventService Tests search events" name="EventService Tests search events" time="0.25">
    </testcase>
    <testcase classname="EventService Tests join event" name="EventService Tests join event" time="0.33">
    </testcase>
    <testcase classname="EventService Tests get joined events" name="EventService Tests get joined events" time="0.298">
    </testcase>
    <testcase classname="EventService Tests cancel event" name="EventService Tests cancel event" time="0.302">
    </testcase>
    <testcase classname="EventService Tests get participants of event" name="EventService Tests get participants of event" time="0.358">
    </testcase>
    <testcase classname="EventService Tests delete event" name="EventService Tests delete event" time="0.329">
    </testcase>
    <testcase classname="EventService Tests update event" name="EventService Tests update event" time="0.334">
    </testcase>
  </testsuite>
  <testsuite name="RatingService Tests" errors="0" failures="0" skipped="0" timestamp="2024-01-04T21:43:46" time="2.247" tests="4">
    <testcase classname="RatingService Tests rate a comment" name="RatingService Tests rate a comment" time="0.294">
    </testcase>
    <testcase classname="RatingService Tests get ratings of comment" name="RatingService Tests get ratings of comment" time="0.28">
    </testcase>
    <testcase classname="RatingService Tests update rating" name="RatingService Tests update rating" time="0.309">
    </testcase>
    <testcase classname="RatingService Tests delete rating" name="RatingService Tests delete rating" time="0.199">
    </testcase>
  </testsuite>
  <testsuite name="CommentService Tests" errors="0" failures="0" skipped="0" timestamp="2024-01-04T21:43:48" time="2.619" tests="6">
    <testcase classname="CommentService Tests create comment" name="CommentService Tests create comment" time="0.218">
    </testcase>
    <testcase classname="CommentService Tests get comments of user" name="CommentService Tests get comments of user" time="0.27">
    </testcase>
    <testcase classname="CommentService Tests get comments of event" name="CommentService Tests get comments of event" time="0.327">
    </testcase>
    <testcase classname="CommentService Tests get all comments" name="CommentService Tests get all comments" time="0.346">
    </testcase>
    <testcase classname="CommentService Tests edit comment" name="CommentService Tests edit comment" time="0.237">
    </testcase>
    <testcase classname="CommentService Tests delete one comment" name="CommentService Tests delete one comment" time="0.148">
    </testcase>
  </testsuite>
  <testsuite name="UserService test" errors="0" failures="0" skipped="0" timestamp="2024-01-04T21:43:51" time="2.855" tests="11">
    <testcase classname="UserService test createUser function" name="UserService test createUser function" time="0.2">
    </testcase>
    <testcase classname="UserService test getUser works and returns user without password" name="UserService test getUser works and returns user without password" time="0.183">
    </testcase>
    <testcase classname="UserService test get all users also returns inactive users, getUser(userID) throws error at inactive user." name="UserService test get all users also returns inactive users, getUser(userID) throws error at inactive user." time="0.164">
    </testcase>
    <testcase classname="UserService test updateUserWithAdmin user update validations" name="UserService test updateUserWithAdmin user update validations" time="0.164">
    </testcase>
    <testcase classname="UserService test updateUserWithAdmin duplicate email check" name="UserService test updateUserWithAdmin duplicate email check" time="0.152">
    </testcase>
    <testcase classname="UserService test updateUserWithPw update with old password to update password" name="UserService test updateUserWithPw update with old password to update password" time="0.328">
    </testcase>
    <testcase classname="UserService test updateUserWithPw throws errors on invalid userdata" name="UserService test updateUserWithPw throws errors on invalid userdata" time="0.081">
    </testcase>
    <testcase classname="UserService test updateUserWithPw duplicate email check" name="UserService test updateUserWithPw duplicate email check" time="0.15">
    </testcase>
    <testcase classname="UserService test updateUserWithPw can not change isActive status of user" name="UserService test updateUserWithPw can not change isActive status of user" time="0.087">
    </testcase>
    <testcase classname="UserService test deleteUser deletes user from database (when performed by an admin)" name="UserService test deleteUser deletes user from database (when performed by an admin)" time="0.092">
    </testcase>
    <testcase classname="UserService test deleteUser inactivates acc when inactivateAccount = true" name="UserService test deleteUser inactivates acc when inactivateAccount = true" time="0.088">
    </testcase>
  </testsuite>
  <testsuite name="Event Model Tests" errors="0" failures="0" skipped="0" timestamp="2024-01-04T21:43:54" time="1.198" tests="3">
    <testcase classname="Event Model Tests create event" name="Event Model Tests create event" time="0.057">
    </testcase>
    <testcase classname="Event Model Tests empty eventdata" name="Event Model Tests empty eventdata" time="0.014">
    </testcase>
    <testcase classname="Event Model Tests negative price" name="Event Model Tests negative price" time="0.016">
    </testcase>
  </testsuite>
</testsuites>