<?xml version="1.0" encoding="UTF-8"?>
<testsuites name="jest tests" tests="53" failures="0" errors="0" time="58.198">
  <testsuite name="EventRoute Tests" errors="0" failures="0" skipped="0" timestamp="2023-12-01T12:44:50" time="26.29" tests="11">
    <testcase classname="EventRoute Tests create event route" name="EventRoute Tests create event route" time="1.638">
    </testcase>
    <testcase classname="EventRoute Tests get event route" name="EventRoute Tests get event route" time="1.009">
    </testcase>
    <testcase classname="EventRoute Tests join event route" name="EventRoute Tests join event route" time="1.035">
    </testcase>
    <testcase classname="EventRoute Tests cancel event participation route" name="EventRoute Tests cancel event participation route" time="1.08">
    </testcase>
    <testcase classname="EventRoute Tests get participants of event route" name="EventRoute Tests get participants of event route" time="1.01">
    </testcase>
    <testcase classname="EventRoute Tests get created events route" name="EventRoute Tests get created events route" time="1.127">
    </testcase>
    <testcase classname="EventRoute Tests get joined events route" name="EventRoute Tests get joined events route" time="1.086">
    </testcase>
    <testcase classname="EventRoute Tests get all events route" name="EventRoute Tests get all events route" time="0.962">
    </testcase>
    <testcase classname="EventRoute Tests search events route" name="EventRoute Tests search events route" time="1.124">
    </testcase>
    <testcase classname="EventRoute Tests delete event route" name="EventRoute Tests delete event route" time="1.12">
    </testcase>
    <testcase classname="EventRoute Tests update event route" name="EventRoute Tests update event route" time="1.179">
    </testcase>
  </testsuite>
  <testsuite name="userRoute test" errors="0" failures="0" skipped="0" timestamp="2023-12-01T12:45:16" time="12.966" tests="14">
    <testcase classname="userRoute test getUsers" name="userRoute test getUsers" time="1.005">
    </testcase>
    <testcase classname="userRoute test getUsers fails on request by non-admin" name="userRoute test getUsers fails on request by non-admin" time="0.659">
    </testcase>
    <testcase classname="userRoute test get User request responses with 404 on invalid userID" name="userRoute test get User request responses with 404 on invalid userID" time="0.634">
    </testcase>
    <testcase classname="userRoute test get User request responses with 400 on undefined userID" name="userRoute test get User request responses with 400 on undefined userID" time="0.562">
    </testcase>
    <testcase classname="userRoute test get User returns any user when performed by an admin and returns user when performed by non-admin" name="userRoute test get User returns any user when performed by an admin and returns user when performed by non-admin" time="0.91">
    </testcase>
    <testcase classname="userRoute test put user successfully updates user in db and returns updated user information" name="userRoute test put user successfully updates user in db and returns updated user information" time="0.787">
    </testcase>
    <testcase classname="userRoute test should return error on updating email to duplicate email" name="userRoute test should return error on updating email to duplicate email" time="0.745">
    </testcase>
    <testcase classname="userRoute test should return error on trying to update other users as non-admin" name="userRoute test should return error on trying to update other users as non-admin" time="0.654">
    </testcase>
    <testcase classname="userRoute test testing for validation errors on put user route" name="userRoute test testing for validation errors on put user route" time="0.642">
    </testcase>
    <testcase classname="userRoute test put user with invalid old password returns error" name="userRoute test put user with invalid old password returns error" time="0.897">
    </testcase>
    <testcase classname="userRoute test should allow an admin to delete any user" name="userRoute test should allow an admin to delete any user" time="0.609">
    </testcase>
    <testcase classname="userRoute test should allow a user to inactivate their own account" name="userRoute test should allow a user to inactivate their own account" time="0.649">
    </testcase>
    <testcase classname="userRoute test should prevent a non-admin user from deleting another user" name="userRoute test should prevent a non-admin user from deleting another user" time="0.64">
    </testcase>
    <testcase classname="userRoute test should return an error for an invalid user ID" name="userRoute test should return an error for an invalid user ID" time="0.662">
    </testcase>
  </testsuite>
  <testsuite name="EventService Tests" errors="0" failures="0" skipped="0" timestamp="2023-12-01T12:45:29" time="7.824" tests="11">
    <testcase classname="EventService Tests create event" name="EventService Tests create event" time="0.373">
    </testcase>
    <testcase classname="EventService Tests get event" name="EventService Tests get event" time="0.252">
    </testcase>
    <testcase classname="EventService Tests get created events" name="EventService Tests get created events" time="0.395">
    </testcase>
    <testcase classname="EventService Tests get all events" name="EventService Tests get all events" time="0.431">
    </testcase>
    <testcase classname="EventService Tests search events" name="EventService Tests search events" time="0.479">
    </testcase>
    <testcase classname="EventService Tests join event" name="EventService Tests join event" time="0.593">
    </testcase>
    <testcase classname="EventService Tests get joined events" name="EventService Tests get joined events" time="0.511">
    </testcase>
    <testcase classname="EventService Tests cancel event" name="EventService Tests cancel event" time="0.59">
    </testcase>
    <testcase classname="EventService Tests get participants of event" name="EventService Tests get participants of event" time="0.757">
    </testcase>
    <testcase classname="EventService Tests delete event" name="EventService Tests delete event" time="0.714">
    </testcase>
    <testcase classname="EventService Tests update event" name="EventService Tests update event" time="0.637">
    </testcase>
  </testsuite>
  <testsuite name="userModel test" errors="0" failures="0" skipped="0" timestamp="2023-12-01T12:45:37" time="3.138" tests="3">
    <testcase classname="userModel test create User" name="userModel test create User" time="0.355">
    </testcase>
    <testcase classname="userModel test updated user password middleware" name="userModel test updated user password middleware" time="0.428">
    </testcase>
    <testcase classname="userModel test rejects on duplicate email" name="userModel test rejects on duplicate email" time="0.36">
    </testcase>
  </testsuite>
  <testsuite name="userModel test" errors="0" failures="0" skipped="0" timestamp="2023-12-01T12:45:41" time="5.323" tests="11">
    <testcase classname="userModel test createUser function" name="userModel test createUser function" time="0.436">
    </testcase>
    <testcase classname="userModel test getUser works and returns user without password" name="userModel test getUser works and returns user without password" time="0.359">
    </testcase>
    <testcase classname="userModel test get all users also returns inactive users, getUser(userID) throws error at inactive user." name="userModel test get all users also returns inactive users, getUser(userID) throws error at inactive user." time="0.453">
    </testcase>
    <testcase classname="userModel test updateUserWithAdmin user update validations" name="userModel test updateUserWithAdmin user update validations" time="0.342">
    </testcase>
    <testcase classname="userModel test updateUserWithAdmin duplicate email check" name="userModel test updateUserWithAdmin duplicate email check" time="0.278">
    </testcase>
    <testcase classname="userModel test updateUserWithPw update with old password to update password" name="userModel test updateUserWithPw update with old password to update password" time="0.614">
    </testcase>
    <testcase classname="userModel test updateUserWithPw throws errors on invalid userdata" name="userModel test updateUserWithPw throws errors on invalid userdata" time="0.155">
    </testcase>
    <testcase classname="userModel test updateUserWithPw duplicate email check" name="userModel test updateUserWithPw duplicate email check" time="0.293">
    </testcase>
    <testcase classname="userModel test updateUserWithPw can not change isActive status of user" name="userModel test updateUserWithPw can not change isActive status of user" time="0.177">
    </testcase>
    <testcase classname="userModel test deleteUser deletes user from database (when performed by an admin)" name="userModel test deleteUser deletes user from database (when performed by an admin)" time="0.174">
    </testcase>
    <testcase classname="userModel test deleteUser inactivates acc when inactivateAccount = true" name="userModel test deleteUser inactivates acc when inactivateAccount = true" time="0.188">
    </testcase>
  </testsuite>
  <testsuite name="Event Model Tests" errors="0" failures="0" skipped="0" timestamp="2023-12-01T12:45:46" time="1.94" tests="3">
    <testcase classname="Event Model Tests create event" name="Event Model Tests create event" time="0.169">
    </testcase>
    <testcase classname="Event Model Tests empty eventdata" name="Event Model Tests empty eventdata" time="0.035">
    </testcase>
    <testcase classname="Event Model Tests negative price" name="Event Model Tests negative price" time="0.037">
    </testcase>
  </testsuite>
</testsuites>