<?xml version="1.0" encoding="UTF-8"?>
<testsuites name="jest tests" tests="4" failures="0" errors="0" time="14.993">
  <testsuite name="userModel test" errors="0" failures="0" skipped="0" timestamp="2023-11-10T13:39:11" time="10.118" tests="1">
    <testcase classname="userModel test create User" name="userModel test create User" time="0.104">
    </testcase>
  </testsuite>
  <testsuite name="User Registration" errors="0" failures="0" skipped="0" timestamp="2023-11-10T13:39:11" time="13.596" tests="3">
    <testcase classname="User Registration should register a new user" name="User Registration should register a new user" time="0.58">
    </testcase>
    <testcase classname="User Registration user already exist" name="User Registration user already exist" time="0.01">
    </testcase>
    <testcase classname="User Registration Cannot register user - required data missed" name="User Registration Cannot register user - required data missed" time="0.007">
    </testcase>
  </testsuite>
</testsuites>