<?xml version="1.0" encoding="UTF-8"?>
<testsuites name="jest tests" tests="3" failures="0" errors="0" time="2.711">
  <testsuite name="Event Model Tests" errors="0" failures="0" skipped="0" timestamp="2023-11-22T17:07:45" time="2.626" tests="3">
    <testcase classname="Event Model Tests create event" name="Event Model Tests create event" time="0.072">
    </testcase>
    <testcase classname="Event Model Tests empty eventdata" name="Event Model Tests empty eventdata" time="0.015">
    </testcase>
    <testcase classname="Event Model Tests negative price" name="Event Model Tests negative price" time="0.013">
    </testcase>
  </testsuite>
</testsuites>